CFBundleIdentifier, CFBundleVersion, CFBundleDisplayName
com.yoyowallet.caffenero, "7348", "Caffè Nero"
com.tunnelbear.BlockBear, "92", "BlockBear"
io.tailscale.ipn.ios, "101.36.2", "Tailscale"
com.alexhay.ToolboxProForShortcuts, "1", "Toolbox Pro"
com.quizlet.quizlet, "1", "Quizlet"
com.thehutgroup.ecommerce.myprotein, "4", "Myprotein"
com.google.Chromecast, "2.63.110", "Google Home"
uk.gov.tfl.tflgo, "2302101306", "TfL Go"
sh.blink.blinkshell, "714", "Blink"
org.videolan.vlc-ios, "447", "VLC"
com.life360.safetymap, "23.4.0.732", "Life360"
com.panasonic.jp.lumixsync, "2.0.5.20", "LUMIX Sync"
nz.co.vista.odeon, "3359", "myODEON"
com.google.GoogleMobile, "252.0.509949674", "Google"
com.willbishop.ChirpTwitter, "224", "Chirp"
bundl.swiggy, "7", "Swiggy"
com.hidea.cat, "236", "Cats&Soup"
com.unicornapps.OLEDX, "375", "OLEDX"
com.ovelin.guitartuna, "123572", "GuitarTuna"
net.protected.ios.TotalAdBlock, "114", "Total Adblock"
com.adobe.PSMobile, "23.7.1.7629", "PS Express"
com.srikanthganji.Tambola-Generator, "50", "Tambola"
com.vishalvshekkar.NextDNSClient, "42", "NextHub"
com.innersloth.amongus, "3", "Among Us"
com.n3twork.tetris, "4344", "Tetris"
com.google.Vespa, "1.26.9", "Google Cloud"
com.miniclip.8ballpoolmult, "4611", "8 Ball Pool"
com.microsoft.procsimo, "4.210203.6", "Power Automate"
com.crystalnix.ServerAuditor, "5", "Termius"
fontskeyboard.fonts, "8893", "Fonts"
com.algoritmico.ios.Passepartout, "3395", "Passepartout"
com.activision.callofduty.shooter, "202301040", "Call of Duty"
com.tso.highwaycode, "3.0.1", "HighwayCode"
com.easybrain.number.puzzle.game, "10900073", "Number Match"
com.google.Maps, "6.54.1", "Google Maps"
com.apple.Pages, "7364.0.3", "Pages"
com.tesco.TescoClubcard, "9.2.20", "Clubcard"
com.ubercab.UberClient, "3.550.10000", "Uber"
com.oculus.twilight, "447874913", "Meta Quest"
com.microsoft.PlannerMobile, "1.1.23021100", "Planner"
com.maurobattisti.DrumGenius, "3.0.2.3", "Drumgenius"
com.microsoft.officemobile, "2.70.23021303", "Microsoft 365"
com.adobe.photoshop.fix, "17300009", "Photoshop Fix"
com.duolingo.DuolingoMobile, "6.202.0.6", "Duolingo"
uk.co.solus.HillingdonLibraries, "2022.1.600", "Libraries"
com.screenio.app, "1", "Screenio"
com.zerotier.ZeroTier-One, "1", "ZeroTier One"
com.appliedphasor.working-copy, "8446", "Working Copy"
org.production.edofe.DofE, "1.0", "DofE"
com.6X.LockLauncher, "240", "Lock Launcher"
com.sneakyf1shy.draggingcc, "1", "draggingcc"
com.habby.archero, "9", "Archero"
com.zoho.notebook, "6011103", "Notebook"
com.apple.store.Jolly, "5.19.0.954", "Apple Store"
com.hammerson.m2b.theoracle, "308", "The Oracle"
com.kagi.kagiiOS, "2", "Orion"
com.cron.calendar, "4", "Cron"
com.microsoft.onenote, "16070000.23020801", "OneNote"
com.chess.iphone, "2428", "Chess"
com.monitise.matm.Monitise-iPhone-NatWest-EN-GB, "7.27.0.3", "NatWest"
com.os.airforce, "0", "1945 Air Force"
com.google.paidtasks, "1.0.50", "Rewards"
com.kairos.duet, "2.4.27.0", "duet"
com.miHoYo.GenshinImpact, "534", "Genshin Impact"
com.amazon.aiv.AIVApp, "9.281.9974.4", "Prime Video"
com.google.Translate, "6.54.3", "Google Translate"
com.ketchapp.knifehit, "2", "Knife Hit"
dk.simonbs.RunestoneEditor, "1", "Runestone"
com.ketchapp.stack, "39", "Stack"
com.cloudflare.1dot1dot1dot1, "2302271927.1", "1.1.1.1"
com.flightyapp.flighty, "4266", "Flighty"
com.BhartiMobile.myairtel, "791", "Airtel"
com.dry05.filzaescaped11-12, "4", "FilzaEscaped"
com.sainsburys.ssa, "115.1", "SmartShop"
com.reddit.Reddit, "310240", "Reddit"
com.dry05.filzaescaped11-12.LYFFJ88A9M, "4", "FilzaEscaped"
com.soundcloud.TouchApp, "1238896", "SoundCloud"
com.ktkpiano.FindAppCommand, "44", "Find"
com.deliveroo.orderapp, "49046", "Deliveroo"
com.auxbrain.egginc, "1.25.5.0", "Egg, Inc."
com.mattel163.uno, "0", "UNO"
de.nicolo-stanciu.nfcing, "2", "NFC"
com.ketchapp.2048, "2.4.38.1", "2048"
uk.gov.tfl.oystercontactless, "585", "TfL Oyster"
com.google.OPA, "1.9.73301", "Assistant"
no.mobitroll.kahoot.controller, "1365", "Kahoot!"
com.miHoYo.HoYoLAB, "198", "HoYoLAB"
com.psyonixllc.mesa, "413635.1", "RL Sideswipe"
com.supercell.magic, "15.83.26", "Clash of Clans"
tv.twitch, "230482115509569664", "Twitch"
com.microsoft.azure, "5.1.3.20230127", "Azure"
org.mozilla.ios.Focus, "16656", "Firefox Focus"
com.adidas.app, "2023.2.16.16.1", "adidas"
com.easybrain.sudoku, "50101004", "Sudoku.com"
uk.gov.metoffice.weathercloud, "202302131637.6212", "Met Office"
com.dumpling.dashycrashy, "1.0", "Dashy Crashy"
com.apple.iMovie, "5669", "iMovie"
com.edukey.students, "11", "ClassCharts Students"
swc, "5871", "Sweatcoin"
app.ish.iSH, "298", "iSH"
dev.faizandurrani.moe.paperback.app, "46", "Paperback"
uk.co.myhermes.hermes, "4974", "Evri"
com.scn.brickcontroller2, "43", "BrickController2"
com.midasplayer.apps.candycrushjellysaga1, "3.5.1", "Candy Crush"
com.apple.TestFlight, "17", "TestFlight"
com.nintendo.zaca, "1149", "Pocket Camp"
com.tso.cartheorytestkit, "600017", "Theory Test"
com.abesyouta516.SF-Symbols, "3.0.1", "Symbols"
design.yugen.Flow, "58", "Flow"
com.britishairways.BAFlights, "5.96.2.1", "British Airways"
com.easybrain.solitaire, "20700011", "Solitaire"
com.brieger.pong, "1", "ping pong"
com.nhs.online, "17876", "NHS App"
com.soundtrap.studioapp, "80", "Soundtrap"
com.czzhao.binance, "2", "Binance"
com.anydesk.AnyDesk, "64", "AnyDesk"
com.thermostat.smart, "20210817172041", "My Smart Thermostat"
com.adobe.lens, "10.19400291", "Ps Camera"
com.valvesoftware.SteamLink17, "5000241", "Steam Link"
com.cpdigitaldarkroom.SongShift, "60027", "SongShift"
com.hipsterwhale.crossy, "14467", "Crossy Road"
com.midasplayer.apps.candycrushsaga, "1", "Candy Crush Saga"
com.clevertouch.clevershare2, "5.4.2", "Clevershare"
com.panasonic.jp.imageapp, "1.10.22.3", "Image App"
com.lego.technic.controlplus, "377", "CONTROL+"
com.firstgroup.first.bus, "202301261523.9", "First Bus"
com.crossforward.WidgetSmith, "454", "Widgetsmith"
com.halfbrick.FruitNinjaLite, "639146", "Fruit Ninja"
se.resenatverket.FlightRadar24-Free, "2023021501", "Flightradar24"
com.soundbrenner.metronome, "1", "Soundbrenner"
com.google.Docs, "1.2023.06203", "Docs"
com.spaceapegames.beatstar, "26.0.3.2573", "Beatstar"
com.amazon.AmazonUK, "494119.0", "Amazon"
com.apple.mobilegarageband, "5224", "GarageBand"
com.google.ios.youtubemusic, "5.45.1", "YouTube Music"
com.kiloo.subwaysurfers, "51369", "Subway Surf"
com.trilliarden.mematic, "8378", "mematic"
com.tunnelbear.ios.TunnelBear, "1", "TunnelBear"
com.woodsign.Widgy, "253", "Widgy"
com.estmob.paprika, "7", "sendanywhere"
com.ubnt.unifi-mobile, "235", "UniFi Portal"
com.apple.Numbers, "7364.0.3", "Numbers"
com.wakdev.wdnfc, "43", "NFC Tools"
com.apple.Keynote, "7364.0.3", "Keynote"
com.ubnt.unifiac, "100008", "UniFi"
com.samsung.oneconnect4ios, "25", "SmartThings"
com.readdle.ReaddleDocsIPad, "8.3.6.913", "Documents"
tech.miidii.MDBlank, "25", " "
com.heathrow.baav2, "90498", "Heathrow"
com.myunidays.UNiDAYS, "2023.02.17.16.25", "UNiDAYS"
com.firecore.infuse, "7.4.4329", "Infuse"
com.nike.omega, "2302152303", "Nike"
com.microsoft.rdc.ios, "5227", "RD Client"
com.girappe.ToPass, "5", "Pass4Wallet"
com.toyopagroup.picaboo, "12.23.1.37", "Snapchat"
com.alibaba.iAliexpress, "8.65.0.02252207", "AliExpress"
com.avidionmedia.iGun2, "209", "iGunPro2"
com.spotify.client, "881200472", "Spotify"
com.nekki.shadowfight, "2.25.0.1", "Shadow Fight 2"
com.ingka.ikea.app, "5624", "IKEA"
com.uniqlo.main.uk2, "2.0.14", "UNIQLO"
com.halfbrick.fruitninjax, "640609", "Fruit Ninja 2"
com.google.ios.youtube, "18.07.5", "YouTube"
com.andadinosaur.Inspector, "1", "Web Inspector"
app.getfind.open, "5146", "OpenFind"
com.appflipkart.flipkart, "1", "Flipkart"
com.justeat.JUSTEAT, "2216", "Just Eat"
com.slics.joos, "9", "Joos"
com.grammarly.keyboard, "2.10.0.9", "Grammarly"
com.google.chrome.ios, "110.0.5481.114", "Chrome"
com.fullsenders.sendit, "4", "sendit"
com.ebay.iphone, "3900", "eBay"
com.loyalty3.krispykreme, "129", "KrispyKreme"
notion.id, "1", "Notion"
com.ubnt.protect, "643", "Protect"
com.YoStarEN.MahjongSoul, "258", "MahjongSoul"
com.apple.supportapp, "202021", "Support"
com.microsoft.Office.Powerpoint, "2.70.23021303", "PowerPoint"
uk.co.dominos.publiciphoneapp, "8227", "Domino's"
com.microsoft.smartglass, "301238276", "Xbox"
com.easybrain.sudoku.killer, "21500004", "Killer Sudoku"
com.miHoYo.bh3global, "540", "Honkai Impact 3rd"
com.yangcliu.zombsroyale, "1", "Zombs Royale"
com.algoriddim.djay-iphone-free, "50799", "djay"
com.epson.ESCPR01, "2", "Epson iPrint"
com.microsoft.math, "1.9.117", "Math"
com.hamptonsTek.Games-For-Watch, "2", "Games For Watch"
com.microsoft.msedge, "110.0.1587.54", "Edge"
com.desmos.DesmosScientific, "6.17.0", "Scientific"
com.tuya.smartlife, "20230203172952", "Smart Life"
com.disney.disneyplus, "54715", "Disney+"
com.midasplayer.apps.candycrushsodasaga, "1.237.5", "Candy Crush Soda"
com.microsoft.Office.Word, "2.70.23021303", "Word"
com.tuya.smart, "20230203191533", "Tuya Smart"
com.waterstones.bookseller, "7580", "Waterstones"
net.whatsapp.WhatsAppSMB, "446343048", "‎WA Business"
com.musescore.player, "1322", "MuseScore"
com.ibltd.westfield, "4016", "Westfield UK"
com.studioamanga.nano-notes, "43", "Nano Notes"
com.itv.itvplayer, "1676563135", "ITVX"
com.amanotes.magictiles, "2302221421", "Magic Tiles 3"
com.sennheiser.control, "114494", "Smart Control"
com.pizzahutuk.orderingApp, "629", "Pizza Hut"
com.innovativedigitaltechnologies.ActivityBuilder, "76", "ActivityBuilder"
com.zlineman.Jellyfish, "5", "Jellycuts"
org.techcultivation.dnscloak, "1.0.1", "DNSCloak"
imgurmobile, "2677.1900", "Imgur"
org.jellyfin.swiftfin, "79", "Swiftfin"
com.brogrammers.charty, "17", "Charty"
pro.deckshop.ios, "230", "Deck Shop"
com.robtop.geometryjumplite, "2.21.3.01", "Geometry Lite"
net.myanimelist, "188", "MyAnimeList"
io.pushcut.Pushcut, "266", "Pushcut"
net.whatsapp.WhatsApp, "441749693", "‎WhatsApp"
org.jellyfin.expo, "5.5.0.0", "Jellyfin"
com.tesco.grocery, "2301310432", "Tesco"
com.github.stormbreaker.prod, "92543281", "GitHub"
com.realvnc.VNCViewer, "48852", "VNC Viewer"
com.zhiliaoapp.musically, "282018", "TikTok"
md.obsidian, "94", "Obsidian"
in.appear.app, "1673305107", "Whereby"
com.itimeteo.webssh, "1039", "WebSSH"
com.studentbeans.studentbeans, "178", "Student Beans"
com.musixmatch.lyrics, "2023020100", "Musixmatch"
com.innovatise.bettergll, "512300", "Better UK"
developer.apple.wwdc-Release, "1021.1.3", "Developer"
com.andergoig.GitHubContributions, "11", "Contributions"
host.exp.Exponent, "2.28.6.1017477", "Expo Go"
com.lionstudios.hookedinc, "257", "Hooked Inc"
com.roblox.robloxmobile, "2.564.444", "Roblox"
com.google.Drive, "4.2023.06200", "Drive"
dk.simonbs.Jayson, "86", "Jayson"
com.google.one, "1.47.509667998", "Google One"
com.mathpapa.MathPapa, "1", "MathPapa"
com.droidhang.tdm.ios.foreign, "20230110095258", "Purrfect Tale"
com.ubnt.wifiman, "202302010", "WiFiman"
com.google.Authenticator, "3.4.6600", "Authenticator"
com.starbucks.uk, "444", "Starbucks"
com.marksandspencer.public.retail.iphoneApp, "230217.1714", "M&S"
com.tomatamara.stickermaker, "12", "Sticker Maker"
com.miHoYo.tot.glb, "1", "Tears of Themis"
com.hf.Find-Lost-Device, "1", "Wunderfind"
com.amazon.echo, "2.2.521898", "Amazon Alexa"
com.willbishop.redditwatch, "11", "Nano"
dk.simonbs.Scriptable, "2", "Scriptable"
com.lgeha.nuts, "90", "LG ThinQ"
com.loop.match3d, "1011", "Match 3D"
com.supercell.scroll, "3.3074.6", "Clash Royale"
com.mcdonalds.gma.uk, "107", "My McDonald's"
AsheKube.app.a-Shell, "311", "a-Shell"
com.nectar.universal, "18175", "Nectar"
com.highcaffeinecontent.pastel, "227", "Pastel"
com.sweateconomy.wallet, "1012", "Sweat Wallet"
com.deezer.Deezer, "9.33.1.1", "Deezer"
com.shazam.Shazam, "5216", "Shazam"
com.orientelectric.smart, "20200820165553", "Orient Smart"
com.cardinalblue.PicCollage, "502", "PicCollage"
sh.ppy.osu, "2020.226.0", "osu!"
com.skype.skype, "8.94.0.428", "Skype"
com.chromanoir.Zeit, "1335249", "Halide"
com.quirklondon.nandos, "686", "Nando's"
com.microsoft.Office.Outlook, "18529013", "Outlook"
com.lumoslabs.Lumosity, "1044", "Lumosity"
com.microsoft.Office.Excel, "2.70.23021303", "Excel"
com.snowcorp.stickerly, "2.10.3.0", "Sticker.ly"
com.nianticlabs.pokemongo, "2", "Pokémon GO"
com.ubercab.UberEats, "6.153.10000", "Uber Eats"
com.desmos.Desmos, "6.17.0", "Desmos"
com.mypostcardapp.mypostcard, "1", "MyPostcard"
com.vodafone.mCare, "16", "Vi App"
com.civicalld.spydusmobile, "2019.1105.1", "Spydus Mobile"
com.tocapp.Mini-Golf-Watch-Game, "12", "Mini Golf"
com.jio.myjio, "5", "MyJio"
com.naver.linewebtoon, "2.11.10.37", "WEBTOON"
com.bitpay.wallet, "1", "BitPay"
com.google.Keep, "2.2023.04201", "Google Keep"
com.microsoft.skydrive, "14.1.1", "OneDrive"
com.merekdavis.vellum, "76", "Vellum"
org.whispersystems.signal, "11", "Signal"
uk.co.costa.club, "17150", "Costa"
tech.baye.servercat, "368", "ServerCat"
moe.low.arc, "1098001", "Arcaea"
dk.simonbs.DataJar, "85", "Data Jar"
com.atebits.Tweetie2, "9.46", "Twitter"
com.replit.app, "2.22.0", "Replit"
com.crunchyroll.iphone, "2970589.508632515", "Crunchyroll"
com.pdb.app, "337", "PDB"
com.reference.dictionary.dictionary, "4", "Dictionary"
us.zoom.videomeetings, "6692", "Zoom"
com.microsoft.skype.teams, "100772023033403", "Teams"
com.userscripts.macos, "38", "Userscripts"
com.alegrium.cong2, "2.3.35.5.0", "Cash, Inc."
com.wireguard.ios, "27", "WireGuard"
com.microsoft.sharepoint, "20221228", "SharePoint"
com.microsoft.gamepass, "2302.12.127", "Game Pass"
com.fitbit.FitbitMobile, "37652005", "Fitbit"
com.gametion.ludo, "1", "Ludo King"
com.ookla.speedtest, "22", "Speedtest"
com.mr-brightside.myParcel, "1849", "Parcel"
com.clairv0yant.Birdie, "7", "Birdie"
net.pxv.iphone, "7.16.5.18564", "pixiv"
com.jamf.parent, "2022111601", "Parent"
com.microsoft.to-do, "230209.1428", "To Do"
